Using pre-set license
Built from '2020.3/staging' branch; Version is '2020.3.11f1 (99c7afb366b3) revision 10078127'; Using compiler version '192528614'; Build Type 'Release'
OS: 'Windows 10 Pro; OS build 19042.1288; Version 2009; 64bit' Language: 'en' Physical Memory: 16335 MB
BatchMode: 1, IsHumanControllingUs: 0, StartBugReporterOnCrash: 0, Is64bit: 1, IsPro: 0

 COMMAND LINE ARGUMENTS:
C:\Program Files\Unity\Hub\Editor\2020.3.11f1\Editor\Unity.exe
-adb2
-batchMode
-noUpm
-name
AssetImportWorker0
-projectPath
D:/Unity Project/FindMyWife-v2-0
-logFile
Logs/AssetImportWorker0.log
-srvPort
57042
Successfully changed project path to: D:/Unity Project/FindMyWife-v2-0
D:/Unity Project/FindMyWife-v2-0
Using Asset Import Pipeline V2.
Refreshing native plugins compatible for Editor in 40.79 ms, found 2 plugins.
Preloading 0 native plugins for Editor in 0.00 ms.
Initialize engine version: 2020.3.11f1 (99c7afb366b3)
[Subsystems] Discovering subsystems at path C:/Program Files/Unity/Hub/Editor/2020.3.11f1/Editor/Data/Resources/UnitySubsystems
[Subsystems] Discovering subsystems at path D:/Unity Project/FindMyWife-v2-0/Assets
GfxDevice: creating device client; threaded=0
Direct3D:
    Version:  Direct3D 11.0 [level 11.1]
    Renderer: NVIDIA GeForce GTX 1070 Ti (ID=0x1b82)
    Vendor:   
    VRAM:     8079 MB
    Driver:   27.21.14.5751
Initialize mono
Mono path[0] = 'C:/Program Files/Unity/Hub/Editor/2020.3.11f1/Editor/Data/Managed'
Mono path[1] = 'C:/Program Files/Unity/Hub/Editor/2020.3.11f1/Editor/Data/MonoBleedingEdge/lib/mono/unityjit'
Mono config path = 'C:/Program Files/Unity/Hub/Editor/2020.3.11f1/Editor/Data/MonoBleedingEdge/etc'
Using monoOptions --debugger-agent=transport=dt_socket,embedding=1,server=y,suspend=n,address=127.0.0.1:56904
Begin MonoManager ReloadAssembly
Registering precompiled unity dll's ...
Register platform support module: C:/Program Files/Unity/Hub/Editor/2020.3.11f1/Editor/Data/PlaybackEngines/WindowsStandaloneSupport/UnityEditor.WindowsStandalone.Extensions.dll
Registered in 0.001847 seconds.
Native extension for WindowsStandalone target not found
Refreshing native plugins compatible for Editor in 31.81 ms, found 2 plugins.
Preloading 0 native plugins for Editor in 0.00 ms.
Mono: successfully reloaded assembly
- Completed reload, in  1.984 seconds
Platform modules already initialized, skipping
Registering precompiled user dll's ...
Registered in 0.003125 seconds.
Begin MonoManager ReloadAssembly
Native extension for WindowsStandalone target not found
Refreshing native plugins compatible for Editor in 0.45 ms, found 2 plugins.
Preloading 0 native plugins for Editor in 0.00 ms.
Mono: successfully reloaded assembly
- Completed reload, in  1.013 seconds
Platform modules already initialized, skipping
========================================================================
Worker process is ready to serve import requests
Launched and connected shader compiler UnityShaderCompiler.exe after 0.04 seconds
Refreshing native plugins compatible for Editor in 0.44 ms, found 2 plugins.
Preloading 0 native plugins for Editor in 0.00 ms.
Unloading 1833 Unused Serialized files (Serialized files now loaded: 0)
System memory in use before: 89.8 MB.
System memory in use after: 89.9 MB.

Unloading 33 unused Assets to reduce memory usage. Loaded Objects now: 2258.
Total: 1.832900 ms (FindLiveObjects: 0.150600 ms CreateObjectMapping: 0.054600 ms MarkObjects: 1.554200 ms  DeleteObjects: 0.072200 ms)

========================================================================
Received Import Request.
  path: Assets/SliderRampSpecularRimOutline.mat
  artifactKey: Guid(1c994d795c6a34a53b468253257d4548) Importer(815301076,1909f56bfc062723c751e8b465ee728b)
Start importing Assets/SliderRampSpecularRimOutline.mat using Guid(1c994d795c6a34a53b468253257d4548) Importer(815301076,1909f56bfc062723c751e8b465ee728b)  -> (artifact id: 'a3fed9bfde44f056f8c21fb529385436') in 0.222979 seconds
  Import took 0.225487 seconds .

========================================================================
Received Import Request.
  Time since last request: 41.832133 seconds.
  path: Assets/Base/Singleton.cs
  artifactKey: Guid(c23359642f27dc442ad7178ee4f98f4f) Importer(815301076,1909f56bfc062723c751e8b465ee728b)
Start importing Assets/Base/Singleton.cs using Guid(c23359642f27dc442ad7178ee4f98f4f) Importer(815301076,1909f56bfc062723c751e8b465ee728b)  -> (artifact id: '6f716c2b4562e772e9a3a60fbf3be82c') in 0.009191 seconds
  Import took 0.011851 seconds .

========================================================================
Received Import Request.
  Time since last request: 1.963593 seconds.
  path: Assets/Base/CameraFollow3rd.cs
  artifactKey: Guid(f09989fffa36fdc48b2b99f442ea5bbb) Importer(815301076,1909f56bfc062723c751e8b465ee728b)
Start importing Assets/Base/CameraFollow3rd.cs using Guid(f09989fffa36fdc48b2b99f442ea5bbb) Importer(815301076,1909f56bfc062723c751e8b465ee728b)  -> (artifact id: 'c66b88c008d2c94ad4a62c154ef21464') in 0.004938 seconds
  Import took 0.007625 seconds .

========================================================================
Received Import Request.
  Time since last request: 0.002584 seconds.
  path: Assets/Base/CameraFollow3rd.cs
  artifactKey: Guid(f09989fffa36fdc48b2b99f442ea5bbb) Importer(815301076,1909f56bfc062723c751e8b465ee728b)
Start importing Assets/Base/CameraFollow3rd.cs using Guid(f09989fffa36fdc48b2b99f442ea5bbb) Importer(815301076,1909f56bfc062723c751e8b465ee728b)  -> (artifact id: 'c66b88c008d2c94ad4a62c154ef21464') in 0.001649 seconds
  Import took 0.004507 seconds .

========================================================================
Received Import Request.
  Time since last request: 5.437690 seconds.
  path: Assets/Base/FPSDisplay.cs
  artifactKey: Guid(5a4baa244c2b93b43bfcec60afb52ef8) Importer(815301076,1909f56bfc062723c751e8b465ee728b)
Start importing Assets/Base/FPSDisplay.cs using Guid(5a4baa244c2b93b43bfcec60afb52ef8) Importer(815301076,1909f56bfc062723c751e8b465ee728b)  -> (artifact id: 'aabdc82c655f5f9d699e35dd0206a4d4') in 0.027969 seconds
  Import took 0.068449 seconds .

========================================================================
Received Import Request.
  Time since last request: 4.336264 seconds.
  path: Assets/Base/Camera2DFollow.cs
  artifactKey: Guid(cb974046dc1af9549805b32665267c48) Importer(815301076,1909f56bfc062723c751e8b465ee728b)
Start importing Assets/Base/Camera2DFollow.cs using Guid(cb974046dc1af9549805b32665267c48) Importer(815301076,1909f56bfc062723c751e8b465ee728b)  -> (artifact id: '79e1b8852dc5591f0f4e689de8f580e3') in 0.015132 seconds
  Import took 0.019025 seconds .

========================================================================
Received Prepare
Registering precompiled user dll's ...
Registered in 0.005426 seconds.
Begin MonoManager ReloadAssembly
Native extension for WindowsStandalone target not found
Refreshing native plugins compatible for Editor in 0.47 ms, found 2 plugins.
Preloading 0 native plugins for Editor in 0.00 ms.
Mono: successfully reloaded assembly
- Completed reload, in  1.916 seconds
Platform modules already initialized, skipping
Refreshing native plugins compatible for Editor in 0.50 ms, found 2 plugins.
Preloading 0 native plugins for Editor in 0.00 ms.
Unloading 1804 Unused Serialized files (Serialized files now loaded: 0)
System memory in use before: 90.6 MB.
System memory in use after: 90.7 MB.

Unloading 28 unused Assets to reduce memory usage. Loaded Objects now: 2301.
Total: 1.938000 ms (FindLiveObjects: 0.167900 ms CreateObjectMapping: 0.060800 ms MarkObjects: 1.685700 ms  DeleteObjects: 0.022700 ms)

========================================================================
Received Prepare
Registering precompiled user dll's ...
Registered in 0.015801 seconds.
Begin MonoManager ReloadAssembly
Native extension for WindowsStandalone target not found
Refreshing native plugins compatible for Editor in 0.80 ms, found 2 plugins.
Preloading 0 native plugins for Editor in 0.00 ms.
Mono: successfully reloaded assembly
- Completed reload, in  1.548 seconds
Platform modules already initialized, skipping
Refreshing native plugins compatible for Editor in 3.14 ms, found 2 plugins.
Preloading 0 native plugins for Editor in 0.00 ms.
Unloading 1804 Unused Serialized files (Serialized files now loaded: 0)
System memory in use before: 90.6 MB.
System memory in use after: 90.8 MB.

Unloading 28 unused Assets to reduce memory usage. Loaded Objects now: 2304.
Total: 3.560900 ms (FindLiveObjects: 0.163300 ms CreateObjectMapping: 0.057700 ms MarkObjects: 3.316600 ms  DeleteObjects: 0.021900 ms)

========================================================================
Received Prepare
Registering precompiled user dll's ...
Registered in 0.003201 seconds.
Begin MonoManager ReloadAssembly
Native extension for WindowsStandalone target not found
Refreshing native plugins compatible for Editor in 0.47 ms, found 2 plugins.
Preloading 0 native plugins for Editor in 0.00 ms.
Mono: successfully reloaded assembly
- Completed reload, in  1.434 seconds
Platform modules already initialized, skipping
Refreshing native plugins compatible for Editor in 0.51 ms, found 2 plugins.
Preloading 0 native plugins for Editor in 0.00 ms.
Unloading 1804 Unused Serialized files (Serialized files now loaded: 0)
System memory in use before: 90.7 MB.
System memory in use after: 90.8 MB.

Unloading 28 unused Assets to reduce memory usage. Loaded Objects now: 2307.
Total: 1.932900 ms (FindLiveObjects: 0.164200 ms CreateObjectMapping: 0.058500 ms MarkObjects: 1.688200 ms  DeleteObjects: 0.020800 ms)

========================================================================
Received Import Request.
  Time since last request: 183.562613 seconds.
  path: Assets/Base/ParallaxBackground.cs
  artifactKey: Guid(e3ecbe11e85475647b4814609206f22e) Importer(815301076,1909f56bfc062723c751e8b465ee728b)
Start importing Assets/Base/ParallaxBackground.cs using Guid(e3ecbe11e85475647b4814609206f22e) Importer(815301076,1909f56bfc062723c751e8b465ee728b)  -> (artifact id: '6323bf2969f250056087768a610cede0') in 0.007749 seconds
  Import took 0.010448 seconds .

========================================================================
Received Import Request.
  Time since last request: 0.000930 seconds.
  path: Assets/Base/ParallaxBackground.cs
  artifactKey: Guid(e3ecbe11e85475647b4814609206f22e) Importer(815301076,1909f56bfc062723c751e8b465ee728b)
Start importing Assets/Base/ParallaxBackground.cs using Guid(e3ecbe11e85475647b4814609206f22e) Importer(815301076,1909f56bfc062723c751e8b465ee728b)  -> (artifact id: '6323bf2969f250056087768a610cede0') in 0.001782 seconds
  Import took 0.004316 seconds .

========================================================================
Received Import Request.
  Time since last request: 2.411204 seconds.
  path: Assets/Base/CameraFollow3rd.cs
  artifactKey: Guid(f09989fffa36fdc48b2b99f442ea5bbb) Importer(815301076,1909f56bfc062723c751e8b465ee728b)
Start importing Assets/Base/CameraFollow3rd.cs using Guid(f09989fffa36fdc48b2b99f442ea5bbb) Importer(815301076,1909f56bfc062723c751e8b465ee728b)  -> (artifact id: '9e431d538b5482ceaad22af9ec4fda5a') in 0.001772 seconds
  Import took 0.004404 seconds .

========================================================================
Received Prepare
Registering precompiled user dll's ...
Registered in 0.004040 seconds.
Begin MonoManager ReloadAssembly
Native extension for WindowsStandalone target not found
Refreshing native plugins compatible for Editor in 0.47 ms, found 2 plugins.
Preloading 0 native plugins for Editor in 0.00 ms.
Mono: successfully reloaded assembly
- Completed reload, in  1.314 seconds
Platform modules already initialized, skipping
Refreshing native plugins compatible for Editor in 0.46 ms, found 2 plugins.
Preloading 0 native plugins for Editor in 0.00 ms.
Unloading 1804 Unused Serialized files (Serialized files now loaded: 0)
System memory in use before: 90.7 MB.
System memory in use after: 90.8 MB.

Unloading 28 unused Assets to reduce memory usage. Loaded Objects now: 2310.
Total: 1.775000 ms (FindLiveObjects: 0.151100 ms CreateObjectMapping: 0.051200 ms MarkObjects: 1.554800 ms  DeleteObjects: 0.017300 ms)

========================================================================
Received Import Request.
  Time since last request: 65.508136 seconds.
  path: Assets/Base/CameraFollow.cs
  artifactKey: Guid(f09989fffa36fdc48b2b99f442ea5bbb) Importer(815301076,1909f56bfc062723c751e8b465ee728b)
Start importing Assets/Base/CameraFollow.cs using Guid(f09989fffa36fdc48b2b99f442ea5bbb) Importer(815301076,1909f56bfc062723c751e8b465ee728b)  -> (artifact id: '887e86d7fe505bb62431cb6cda36fac3') in 0.008933 seconds
  Import took 0.012007 seconds .

========================================================================
Received Prepare
Registering precompiled user dll's ...
Registered in 0.002989 seconds.
Begin MonoManager ReloadAssembly
Native extension for WindowsStandalone target not found
Refreshing native plugins compatible for Editor in 0.47 ms, found 2 plugins.
Preloading 0 native plugins for Editor in 0.00 ms.
Mono: successfully reloaded assembly
- Completed reload, in  0.951 seconds
Platform modules already initialized, skipping
Refreshing native plugins compatible for Editor in 0.55 ms, found 2 plugins.
Preloading 0 native plugins for Editor in 0.00 ms.
Unloading 1804 Unused Serialized files (Serialized files now loaded: 0)
System memory in use before: 90.7 MB.
System memory in use after: 90.8 MB.

Unloading 28 unused Assets to reduce memory usage. Loaded Objects now: 2313.
Total: 1.886800 ms (FindLiveObjects: 0.144400 ms CreateObjectMapping: 0.049600 ms MarkObjects: 1.674200 ms  DeleteObjects: 0.017500 ms)

========================================================================
Received Import Request.
  Time since last request: 49.840510 seconds.
  path: Assets/Base/ExtendedMonobehavior/BaseMono.cs
  artifactKey: Guid(2bfda951e26d24b4ab5097d246dbc1ad) Importer(815301076,1909f56bfc062723c751e8b465ee728b)
Start importing Assets/Base/ExtendedMonobehavior/BaseMono.cs using Guid(2bfda951e26d24b4ab5097d246dbc1ad) Importer(815301076,1909f56bfc062723c751e8b465ee728b)  -> (artifact id: '0a40f2e229ddc4fe7537e08f225a5af8') in 0.008570 seconds
  Import took 0.011231 seconds .

========================================================================
Received Import Request.
  Time since last request: 0.000839 seconds.
  path: Assets/Base/ExtendedMonobehavior/BaseMono.cs
  artifactKey: Guid(2bfda951e26d24b4ab5097d246dbc1ad) Importer(815301076,1909f56bfc062723c751e8b465ee728b)
Start importing Assets/Base/ExtendedMonobehavior/BaseMono.cs using Guid(2bfda951e26d24b4ab5097d246dbc1ad) Importer(815301076,1909f56bfc062723c751e8b465ee728b)  -> (artifact id: '0a40f2e229ddc4fe7537e08f225a5af8') in 0.001608 seconds
  Import took 0.004284 seconds .

========================================================================
Received Import Request.
  Time since last request: 28.796312 seconds.
  path: Assets/Base/ExtendedMonobehavior
  artifactKey: Guid(54c5381fcb0df184f9e78d4a0cd84d90) Importer(815301076,1909f56bfc062723c751e8b465ee728b)
Start importing Assets/Base/ExtendedMonobehavior using Guid(54c5381fcb0df184f9e78d4a0cd84d90) Importer(815301076,1909f56bfc062723c751e8b465ee728b)  -> (artifact id: '5a939de38cd434bad6858e8a3a639b71') in 0.004967 seconds
  Import took 0.007633 seconds .

========================================================================
Received Import Request.
  Time since last request: 0.000557 seconds.
  path: Assets/Base/ExtendedMonobehavior
  artifactKey: Guid(54c5381fcb0df184f9e78d4a0cd84d90) Importer(815301076,1909f56bfc062723c751e8b465ee728b)
Start importing Assets/Base/ExtendedMonobehavior using Guid(54c5381fcb0df184f9e78d4a0cd84d90) Importer(815301076,1909f56bfc062723c751e8b465ee728b)  -> (artifact id: '5a939de38cd434bad6858e8a3a639b71') in 0.001536 seconds
  Import took 0.004126 seconds .

========================================================================
Received Import Request.
  Time since last request: 11.182767 seconds.
  path: Assets/Base/CameraFollow.cs
  artifactKey: Guid(f09989fffa36fdc48b2b99f442ea5bbb) Importer(815301076,1909f56bfc062723c751e8b465ee728b)
Start importing Assets/Base/CameraFollow.cs using Guid(f09989fffa36fdc48b2b99f442ea5bbb) Importer(815301076,1909f56bfc062723c751e8b465ee728b)  -> (artifact id: '286ddbff8f2ceb4867d1814888371224') in 0.007143 seconds
  Import took 0.010796 seconds .

========================================================================
Received Prepare
Registering precompiled user dll's ...
Registered in 0.002930 seconds.
Begin MonoManager ReloadAssembly
Native extension for WindowsStandalone target not found
Refreshing native plugins compatible for Editor in 0.46 ms, found 2 plugins.
Preloading 0 native plugins for Editor in 0.00 ms.
Mono: successfully reloaded assembly
- Completed reload, in  0.959 seconds
Platform modules already initialized, skipping
Refreshing native plugins compatible for Editor in 0.46 ms, found 2 plugins.
Preloading 0 native plugins for Editor in 0.00 ms.
Unloading 1804 Unused Serialized files (Serialized files now loaded: 0)
System memory in use before: 90.7 MB.
System memory in use after: 90.8 MB.

Unloading 28 unused Assets to reduce memory usage. Loaded Objects now: 2316.
Total: 1.859200 ms (FindLiveObjects: 0.151300 ms CreateObjectMapping: 0.050600 ms MarkObjects: 1.638000 ms  DeleteObjects: 0.018500 ms)

========================================================================
Received Import Request.
  Time since last request: 44.876948 seconds.
  path: Assets/GameAsset/Scripts/Controller
  artifactKey: Guid(f997460b3d34cd34fbb8f0a53f5e0b4f) Importer(815301076,1909f56bfc062723c751e8b465ee728b)
Start importing Assets/GameAsset/Scripts/Controller using Guid(f997460b3d34cd34fbb8f0a53f5e0b4f) Importer(815301076,1909f56bfc062723c751e8b465ee728b)  -> (artifact id: '4122930c25e43e8d157ed6e73a65d4b6') in 0.007459 seconds
  Import took 0.010266 seconds .

========================================================================
Received Import Request.
  Time since last request: 7.059466 seconds.
  path: Assets/GameAsset/Scripts/Controller/CameraController.cs
  artifactKey: Guid(4203fda838a9e9d4fbd41a930f288fe9) Importer(815301076,1909f56bfc062723c751e8b465ee728b)
Start importing Assets/GameAsset/Scripts/Controller/CameraController.cs using Guid(4203fda838a9e9d4fbd41a930f288fe9) Importer(815301076,1909f56bfc062723c751e8b465ee728b)  -> (artifact id: '6061b4889c37436f706ad18a3c656363') in 0.005505 seconds
  Import took 0.008323 seconds .

========================================================================
Received Prepare
Registering precompiled user dll's ...
Registered in 0.002944 seconds.
Begin MonoManager ReloadAssembly
Native extension for WindowsStandalone target not found
Refreshing native plugins compatible for Editor in 0.46 ms, found 2 plugins.
Preloading 0 native plugins for Editor in 0.00 ms.
Mono: successfully reloaded assembly
- Completed reload, in  0.959 seconds
Platform modules already initialized, skipping
Refreshing native plugins compatible for Editor in 0.46 ms, found 2 plugins.
Preloading 0 native plugins for Editor in 0.00 ms.
Unloading 1805 Unused Serialized files (Serialized files now loaded: 0)
System memory in use before: 90.7 MB.
System memory in use after: 90.8 MB.

Unloading 28 unused Assets to reduce memory usage. Loaded Objects now: 2320.
Total: 1.893100 ms (FindLiveObjects: 0.178300 ms CreateObjectMapping: 0.071800 ms MarkObjects: 1.625400 ms  DeleteObjects: 0.016800 ms)

========================================================================
Received Import Request.
  Time since last request: 3.474897 seconds.
  path: Assets/GameAsset/Scripts/Controller/PlayerController.cs
  artifactKey: Guid(1f51fec76a45da94ca6de6cd69f46a09) Importer(815301076,1909f56bfc062723c751e8b465ee728b)
Start importing Assets/GameAsset/Scripts/Controller/PlayerController.cs using Guid(1f51fec76a45da94ca6de6cd69f46a09) Importer(815301076,1909f56bfc062723c751e8b465ee728b)  -> (artifact id: '729f6d0a941b3954046023979a27485b') in 0.006876 seconds
  Import took 0.009359 seconds .

========================================================================
Received Import Request.
  Time since last request: 19.632419 seconds.
  path: Assets/GameAsset/Scripts/Controller/CameraController.cs
  artifactKey: Guid(4203fda838a9e9d4fbd41a930f288fe9) Importer(815301076,1909f56bfc062723c751e8b465ee728b)
Start importing Assets/GameAsset/Scripts/Controller/CameraController.cs using Guid(4203fda838a9e9d4fbd41a930f288fe9) Importer(815301076,1909f56bfc062723c751e8b465ee728b)  -> (artifact id: '37014c380d6b59fb963c6e375ddb4e37') in 0.004424 seconds
  Import took 0.007552 seconds .

========================================================================
Received Import Request.
  Time since last request: 0.067622 seconds.
  path: Assets/GameAsset/Scripts/Controller/CameraController.cs
  artifactKey: Guid(4203fda838a9e9d4fbd41a930f288fe9) Importer(815301076,1909f56bfc062723c751e8b465ee728b)
Start importing Assets/GameAsset/Scripts/Controller/CameraController.cs using Guid(4203fda838a9e9d4fbd41a930f288fe9) Importer(815301076,1909f56bfc062723c751e8b465ee728b)  -> (artifact id: '37014c380d6b59fb963c6e375ddb4e37') in 0.001606 seconds
  Import took 0.004725 seconds .

========================================================================
Received Prepare
Registering precompiled user dll's ...
Registered in 0.003030 seconds.
Begin MonoManager ReloadAssembly
Native extension for WindowsStandalone target not found
Refreshing native plugins compatible for Editor in 0.46 ms, found 2 plugins.
Preloading 0 native plugins for Editor in 0.00 ms.
Mono: successfully reloaded assembly
- Completed reload, in  0.977 seconds
Platform modules already initialized, skipping
Refreshing native plugins compatible for Editor in 0.47 ms, found 2 plugins.
Preloading 0 native plugins for Editor in 0.00 ms.
Unloading 1805 Unused Serialized files (Serialized files now loaded: 0)
System memory in use before: 90.7 MB.
System memory in use after: 90.8 MB.

Unloading 28 unused Assets to reduce memory usage. Loaded Objects now: 2323.
Total: 2.002700 ms (FindLiveObjects: 0.166900 ms CreateObjectMapping: 0.060300 ms MarkObjects: 1.726500 ms  DeleteObjects: 0.047900 ms)

========================================================================
Received Import Request.
  Time since last request: 25.134587 seconds.
  path: Assets/GameAsset/Scripts/Controller/CameraController.cs
  artifactKey: Guid(4203fda838a9e9d4fbd41a930f288fe9) Importer(815301076,1909f56bfc062723c751e8b465ee728b)
Start importing Assets/GameAsset/Scripts/Controller/CameraController.cs using Guid(4203fda838a9e9d4fbd41a930f288fe9) Importer(815301076,1909f56bfc062723c751e8b465ee728b)  -> (artifact id: '0ba5913ba4ba21a23a54a38e2bd74b1f') in 0.005679 seconds
  Import took 0.008612 seconds .

========================================================================
Received Import Request.
  Time since last request: 0.003379 seconds.
  path: Assets/GameAsset/Scripts/Controller/CameraController.cs
  artifactKey: Guid(4203fda838a9e9d4fbd41a930f288fe9) Importer(815301076,1909f56bfc062723c751e8b465ee728b)
Start importing Assets/GameAsset/Scripts/Controller/CameraController.cs using Guid(4203fda838a9e9d4fbd41a930f288fe9) Importer(815301076,1909f56bfc062723c751e8b465ee728b)  -> (artifact id: '0ba5913ba4ba21a23a54a38e2bd74b1f') in 0.001951 seconds
  Import took 0.005134 seconds .

========================================================================
Received Prepare
Registering precompiled user dll's ...
Registered in 0.003020 seconds.
Begin MonoManager ReloadAssembly
Native extension for WindowsStandalone target not found
Refreshing native plugins compatible for Editor in 0.46 ms, found 2 plugins.
Preloading 0 native plugins for Editor in 0.00 ms.
Mono: successfully reloaded assembly
- Completed reload, in  0.959 seconds
Platform modules already initialized, skipping
Refreshing native plugins compatible for Editor in 0.47 ms, found 2 plugins.
Preloading 0 native plugins for Editor in 0.00 ms.
Unloading 1805 Unused Serialized files (Serialized files now loaded: 0)
System memory in use before: 90.7 MB.
System memory in use after: 90.8 MB.

Unloading 28 unused Assets to reduce memory usage. Loaded Objects now: 2326.
Total: 1.802300 ms (FindLiveObjects: 0.163000 ms CreateObjectMapping: 0.060300 ms MarkObjects: 1.560000 ms  DeleteObjects: 0.017800 ms)

========================================================================
Received Prepare
Registering precompiled user dll's ...
Registered in 0.003216 seconds.
Begin MonoManager ReloadAssembly
Native extension for WindowsStandalone target not found
Refreshing native plugins compatible for Editor in 0.51 ms, found 2 plugins.
Preloading 0 native plugins for Editor in 0.00 ms.
Mono: successfully reloaded assembly
- Completed reload, in  1.062 seconds
Platform modules already initialized, skipping
Switching build target platform(19) subTarget(0) extendedPlatform(0) -> platform(13) subTarget(537395200) extendedPlatform(0)
Refreshing native plugins compatible for Editor in 0.46 ms, found 2 plugins.
Preloading 0 native plugins for Editor in 0.00 ms.
Unloading 1809 Unused Serialized files (Serialized files now loaded: 0)
System memory in use before: 90.1 MB.
System memory in use after: 90.2 MB.

Unloading 28 unused Assets to reduce memory usage. Loaded Objects now: 2329.
Total: 1.985800 ms (FindLiveObjects: 0.194500 ms CreateObjectMapping: 0.080400 ms MarkObjects: 1.688700 ms  DeleteObjects: 0.021300 ms)

AssetImportParameters requested are different than current active one (requested -> active):
  custom:graphics/normal-map-encoding: 01000000000000000000000000000000 -> 02000000000000000000000000000000
========================================================================
Received Prepare
Refreshing native plugins compatible for Editor in 4.42 ms, found 2 plugins.
Preloading 0 native plugins for Editor in 0.00 ms.
Unloading 26 Unused Serialized files (Serialized files now loaded: 0)
System memory in use before: 54.9 MB.
System memory in use after: 55.0 MB.

Unloading 26 unused Assets to reduce memory usage. Loaded Objects now: 2329.
Total: 1.805800 ms (FindLiveObjects: 0.159800 ms CreateObjectMapping: 0.062000 ms MarkObjects: 1.568100 ms  DeleteObjects: 0.015200 ms)

========================================================================
Received Prepare
Registering precompiled user dll's ...
Registered in 0.003176 seconds.
Begin MonoManager ReloadAssembly
Native extension for WindowsStandalone target not found
Refreshing native plugins compatible for Editor in 0.49 ms, found 2 plugins.
Preloading 0 native plugins for Editor in 0.00 ms.
Mono: successfully reloaded assembly
- Completed reload, in  1.004 seconds
Platform modules already initialized, skipping
Switching build target platform(19) subTarget(0) extendedPlatform(0) -> platform(13) subTarget(537395200) extendedPlatform(0)
Refreshing native plugins compatible for Editor in 0.46 ms, found 2 plugins.
Preloading 0 native plugins for Editor in 0.00 ms.
Unloading 1809 Unused Serialized files (Serialized files now loaded: 0)
System memory in use before: 90.1 MB.
System memory in use after: 90.2 MB.

Unloading 28 unused Assets to reduce memory usage. Loaded Objects now: 2332.
Total: 1.927700 ms (FindLiveObjects: 0.199400 ms CreateObjectMapping: 0.064500 ms MarkObjects: 1.644700 ms  DeleteObjects: 0.018200 ms)

AssetImportParameters requested are different than current active one (requested -> active):
  custom:graphics/normal-map-encoding: 01000000000000000000000000000000 -> 02000000000000000000000000000000
========================================================================
Received Prepare
Registering precompiled user dll's ...
Registered in 0.006387 seconds.
Begin MonoManager ReloadAssembly
Native extension for WindowsStandalone target not found
Refreshing native plugins compatible for Editor in 0.50 ms, found 2 plugins.
Preloading 0 native plugins for Editor in 0.00 ms.
Mono: successfully reloaded assembly
- Completed reload, in  1.259 seconds
Platform modules already initialized, skipping
Switching build target platform(19) subTarget(0) extendedPlatform(0) -> platform(13) subTarget(537395200) extendedPlatform(0)
Refreshing native plugins compatible for Editor in 3.48 ms, found 2 plugins.
Preloading 0 native plugins for Editor in 0.00 ms.
Unloading 1809 Unused Serialized files (Serialized files now loaded: 0)
System memory in use before: 90.1 MB.
System memory in use after: 90.2 MB.

Unloading 28 unused Assets to reduce memory usage. Loaded Objects now: 2335.
Total: 1.907800 ms (FindLiveObjects: 0.185700 ms CreateObjectMapping: 0.063100 ms MarkObjects: 1.637200 ms  DeleteObjects: 0.020500 ms)

AssetImportParameters requested are different than current active one (requested -> active):
  custom:graphics/normal-map-encoding: 01000000000000000000000000000000 -> 02000000000000000000000000000000
========================================================================
Received Import Request.
  Time since last request: 374.962993 seconds.
  path: Assets/Base/CameraFollow.cs
  artifactKey: Guid(f09989fffa36fdc48b2b99f442ea5bbb) Importer(815301076,1909f56bfc062723c751e8b465ee728b)
Start importing Assets/Base/CameraFollow.cs using Guid(f09989fffa36fdc48b2b99f442ea5bbb) Importer(815301076,1909f56bfc062723c751e8b465ee728b)  -> (artifact id: '3bd626607d7e8d36c06059635e9b5164') in 0.014849 seconds
  Import took 0.019371 seconds .

========================================================================
Received Import Request.
  Time since last request: 0.059024 seconds.
  path: Assets/Base/CameraFollow.cs
  artifactKey: Guid(f09989fffa36fdc48b2b99f442ea5bbb) Importer(815301076,1909f56bfc062723c751e8b465ee728b)
Start importing Assets/Base/CameraFollow.cs using Guid(f09989fffa36fdc48b2b99f442ea5bbb) Importer(815301076,1909f56bfc062723c751e8b465ee728b)  -> (artifact id: '3bd626607d7e8d36c06059635e9b5164') in 0.002435 seconds
  Import took 0.008000 seconds .

========================================================================
Received Prepare
Registering precompiled user dll's ...
Registered in 0.002975 seconds.
Begin MonoManager ReloadAssembly
Native extension for WindowsStandalone target not found
Refreshing native plugins compatible for Editor in 0.47 ms, found 2 plugins.
Preloading 0 native plugins for Editor in 0.00 ms.
Mono: successfully reloaded assembly
- Completed reload, in  1.035 seconds
Platform modules already initialized, skipping
Switching build target platform(19) subTarget(0) extendedPlatform(0) -> platform(13) subTarget(537395200) extendedPlatform(0)
Refreshing native plugins compatible for Editor in 0.45 ms, found 2 plugins.
Preloading 0 native plugins for Editor in 0.00 ms.
Unloading 1809 Unused Serialized files (Serialized files now loaded: 0)
System memory in use before: 90.1 MB.
System memory in use after: 90.2 MB.

Unloading 28 unused Assets to reduce memory usage. Loaded Objects now: 2338.
Total: 2.037100 ms (FindLiveObjects: 0.219100 ms CreateObjectMapping: 0.102700 ms MarkObjects: 1.694300 ms  DeleteObjects: 0.019900 ms)

AssetImportParameters requested are different than current active one (requested -> active):
  custom:graphics/normal-map-encoding: 01000000000000000000000000000000 -> 02000000000000000000000000000000
========================================================================
Received Prepare
Registering precompiled user dll's ...
Registered in 0.003141 seconds.
Begin MonoManager ReloadAssembly
Native extension for WindowsStandalone target not found
Refreshing native plugins compatible for Editor in 0.45 ms, found 2 plugins.
Preloading 0 native plugins for Editor in 0.00 ms.
Mono: successfully reloaded assembly
- Completed reload, in  1.040 seconds
Platform modules already initialized, skipping
Switching build target platform(19) subTarget(0) extendedPlatform(0) -> platform(13) subTarget(537395200) extendedPlatform(0)
Refreshing native plugins compatible for Editor in 0.50 ms, found 2 plugins.
Preloading 0 native plugins for Editor in 0.00 ms.
Unloading 1809 Unused Serialized files (Serialized files now loaded: 0)
System memory in use before: 90.1 MB.
System memory in use after: 90.2 MB.

Unloading 28 unused Assets to reduce memory usage. Loaded Objects now: 2341.
Total: 1.875000 ms (FindLiveObjects: 0.146000 ms CreateObjectMapping: 0.052000 ms MarkObjects: 1.658500 ms  DeleteObjects: 0.017800 ms)

AssetImportParameters requested are different than current active one (requested -> active):
  custom:graphics/normal-map-encoding: 01000000000000000000000000000000 -> 02000000000000000000000000000000
========================================================================
Received Prepare
Registering precompiled user dll's ...
Registered in 0.003080 seconds.
Begin MonoManager ReloadAssembly
Native extension for WindowsStandalone target not found
Refreshing native plugins compatible for Editor in 0.48 ms, found 2 plugins.
Preloading 0 native plugins for Editor in 0.00 ms.
Mono: successfully reloaded assembly
- Completed reload, in  1.031 seconds
Platform modules already initialized, skipping
Switching build target platform(19) subTarget(0) extendedPlatform(0) -> platform(13) subTarget(537395200) extendedPlatform(0)
Refreshing native plugins compatible for Editor in 0.46 ms, found 2 plugins.
Preloading 0 native plugins for Editor in 0.00 ms.
Unloading 1809 Unused Serialized files (Serialized files now loaded: 0)
System memory in use before: 90.1 MB.
System memory in use after: 90.2 MB.

Unloading 28 unused Assets to reduce memory usage. Loaded Objects now: 2344.
Total: 1.905400 ms (FindLiveObjects: 0.159700 ms CreateObjectMapping: 0.055100 ms MarkObjects: 1.667100 ms  DeleteObjects: 0.022200 ms)

AssetImportParameters requested are different than current active one (requested -> active):
  custom:graphics/normal-map-encoding: 01000000000000000000000000000000 -> 02000000000000000000000000000000
========================================================================
Received Prepare
Registering precompiled user dll's ...
Registered in 0.003041 seconds.
Begin MonoManager ReloadAssembly
Native extension for WindowsStandalone target not found
Refreshing native plugins compatible for Editor in 0.46 ms, found 2 plugins.
Preloading 0 native plugins for Editor in 0.00 ms.
Mono: successfully reloaded assembly
- Completed reload, in  1.106 seconds
Platform modules already initialized, skipping
Switching build target platform(19) subTarget(0) extendedPlatform(0) -> platform(13) subTarget(537395200) extendedPlatform(0)
Refreshing native plugins compatible for Editor in 0.44 ms, found 2 plugins.
Preloading 0 native plugins for Editor in 0.00 ms.
Unloading 1809 Unused Serialized files (Serialized files now loaded: 0)
System memory in use before: 90.1 MB.
System memory in use after: 90.2 MB.

Unloading 28 unused Assets to reduce memory usage. Loaded Objects now: 2347.
Total: 1.865100 ms (FindLiveObjects: 0.158200 ms CreateObjectMapping: 0.054400 ms MarkObjects: 1.634700 ms  DeleteObjects: 0.017000 ms)

AssetImportParameters requested are different than current active one (requested -> active):
  custom:graphics/normal-map-encoding: 01000000000000000000000000000000 -> 02000000000000000000000000000000
========================================================================
Received Prepare
Registering precompiled user dll's ...
Registered in 0.003158 seconds.
Begin MonoManager ReloadAssembly
Native extension for WindowsStandalone target not found
Refreshing native plugins compatible for Editor in 0.46 ms, found 2 plugins.
Preloading 0 native plugins for Editor in 0.00 ms.
Mono: successfully reloaded assembly
- Completed reload, in  1.479 seconds
Platform modules already initialized, skipping
Switching build target platform(19) subTarget(0) extendedPlatform(0) -> platform(13) subTarget(537395200) extendedPlatform(0)
Refreshing native plugins compatible for Editor in 0.54 ms, found 2 plugins.
Preloading 0 native plugins for Editor in 0.00 ms.
Unloading 1809 Unused Serialized files (Serialized files now loaded: 0)
System memory in use before: 90.1 MB.
System memory in use after: 90.2 MB.

Unloading 28 unused Assets to reduce memory usage. Loaded Objects now: 2350.
Total: 3.972400 ms (FindLiveObjects: 0.186600 ms CreateObjectMapping: 0.064000 ms MarkObjects: 3.696600 ms  DeleteObjects: 0.023600 ms)

AssetImportParameters requested are different than current active one (requested -> active):
  custom:graphics/normal-map-encoding: 01000000000000000000000000000000 -> 02000000000000000000000000000000
========================================================================
Received Prepare
Registering precompiled user dll's ...
Registered in 0.003040 seconds.
Begin MonoManager ReloadAssembly
Native extension for WindowsStandalone target not found
Refreshing native plugins compatible for Editor in 0.46 ms, found 2 plugins.
Preloading 0 native plugins for Editor in 0.00 ms.
Mono: successfully reloaded assembly
- Completed reload, in  1.060 seconds
Platform modules already initialized, skipping
Switching build target platform(19) subTarget(0) extendedPlatform(0) -> platform(13) subTarget(537395200) extendedPlatform(0)
Refreshing native plugins compatible for Editor in 0.45 ms, found 2 plugins.
Preloading 0 native plugins for Editor in 0.00 ms.
Unloading 1809 Unused Serialized files (Serialized files now loaded: 0)
System memory in use before: 90.1 MB.
System memory in use after: 90.2 MB.

Unloading 28 unused Assets to reduce memory usage. Loaded Objects now: 2353.
Total: 1.969500 ms (FindLiveObjects: 0.205100 ms CreateObjectMapping: 0.065200 ms MarkObjects: 1.679100 ms  DeleteObjects: 0.019300 ms)

AssetImportParameters requested are different than current active one (requested -> active):
  custom:graphics/normal-map-encoding: 01000000000000000000000000000000 -> 02000000000000000000000000000000
========================================================================
Received Prepare
Registering precompiled user dll's ...
Registered in 0.003043 seconds.
Begin MonoManager ReloadAssembly
Native extension for WindowsStandalone target not found
Refreshing native plugins compatible for Editor in 0.45 ms, found 2 plugins.
Preloading 0 native plugins for Editor in 0.00 ms.
Mono: successfully reloaded assembly
- Completed reload, in  1.039 seconds
Platform modules already initialized, skipping
Switching build target platform(19) subTarget(0) extendedPlatform(0) -> platform(13) subTarget(537395200) extendedPlatform(0)
Refreshing native plugins compatible for Editor in 0.45 ms, found 2 plugins.
Preloading 0 native plugins for Editor in 0.00 ms.
Unloading 1809 Unused Serialized files (Serialized files now loaded: 0)
System memory in use before: 90.1 MB.
System memory in use after: 90.3 MB.

Unloading 28 unused Assets to reduce memory usage. Loaded Objects now: 2356.
Total: 1.850800 ms (FindLiveObjects: 0.159300 ms CreateObjectMapping: 0.054900 ms MarkObjects: 1.618000 ms  DeleteObjects: 0.017800 ms)

AssetImportParameters requested are different than current active one (requested -> active):
  custom:graphics/normal-map-encoding: 01000000000000000000000000000000 -> 02000000000000000000000000000000
========================================================================
Received Import Request.
  Time since last request: 397.340291 seconds.
  path: Assets/GameAsset/Models/New_arts_Dong/Girl_0.fbx
  artifactKey: Guid(b18a43ba4da337e408e45ff0a6538375) Importer(815301076,1909f56bfc062723c751e8b465ee728b)
Start importing Assets/GameAsset/Models/New_arts_Dong/Girl_0.fbx using Guid(b18a43ba4da337e408e45ff0a6538375) Importer(815301076,1909f56bfc062723c751e8b465ee728b)  -> (artifact id: 'd5b2631dc02dcc4dc4b7d883755fad0f') in 0.479391 seconds
  Import took 0.482624 seconds .

========================================================================
Received Import Request.
  Time since last request: 4.696659 seconds.
  path: Assets/GameAsset/Models/New_arts_Dong/Girl_1.fbx
  artifactKey: Guid(21c1949e48297de4e9627be3d1685225) Importer(815301076,1909f56bfc062723c751e8b465ee728b)
Start importing Assets/GameAsset/Models/New_arts_Dong/Girl_1.fbx using Guid(21c1949e48297de4e9627be3d1685225) Importer(815301076,1909f56bfc062723c751e8b465ee728b)  -> (artifact id: '78bf619b516d08e9eef2944bc94c2762') in 0.054670 seconds
  Import took 0.057826 seconds .

========================================================================
Received Import Request.
  Time since last request: 0.573471 seconds.
  path: Assets/GameAsset/Models/New_arts_Dong/Girl_2.fbx
  artifactKey: Guid(fff3f1c884f33ee4ca32b2fe75ac3373) Importer(815301076,1909f56bfc062723c751e8b465ee728b)
Start importing Assets/GameAsset/Models/New_arts_Dong/Girl_2.fbx using Guid(fff3f1c884f33ee4ca32b2fe75ac3373) Importer(815301076,1909f56bfc062723c751e8b465ee728b)  -> (artifact id: 'e66aca9ad1e42ac2601a537b94c4326f') in 0.078226 seconds
  Import took 0.081253 seconds .

========================================================================
Received Import Request.
  Time since last request: 1.291648 seconds.
  path: Assets/GameAsset/Models/New_arts_Dong/Girl_3.fbx
  artifactKey: Guid(7b81d76eeb7a15246aa3f32b02f6748d) Importer(815301076,1909f56bfc062723c751e8b465ee728b)
Start importing Assets/GameAsset/Models/New_arts_Dong/Girl_3.fbx using Guid(7b81d76eeb7a15246aa3f32b02f6748d) Importer(815301076,1909f56bfc062723c751e8b465ee728b)  -> (artifact id: '04c85ba2bd62c62ebe7d2949adba3ed3') in 0.048322 seconds
  Import took 0.051631 seconds .

========================================================================
Received Import Request.
  Time since last request: 0.140432 seconds.
  path: Assets/GameAsset/Models/New_arts_Dong/Girl_4.fbx
  artifactKey: Guid(100ae0cd035d1654ea99e07ce98cd0ea) Importer(815301076,1909f56bfc062723c751e8b465ee728b)
Start importing Assets/GameAsset/Models/New_arts_Dong/Girl_4.fbx using Guid(100ae0cd035d1654ea99e07ce98cd0ea) Importer(815301076,1909f56bfc062723c751e8b465ee728b)  -> (artifact id: '274f0ec2e33a5303bf4987b974159aaf') in 0.048215 seconds
  Import took 0.051393 seconds .

========================================================================
Received Import Request.
  Time since last request: 0.186791 seconds.
  path: Assets/GameAsset/Models/New_arts_Dong/Girl_5.fbx
  artifactKey: Guid(345416f21afd8da418815b3d8abfe700) Importer(815301076,1909f56bfc062723c751e8b465ee728b)
Start importing Assets/GameAsset/Models/New_arts_Dong/Girl_5.fbx using Guid(345416f21afd8da418815b3d8abfe700) Importer(815301076,1909f56bfc062723c751e8b465ee728b)  -> (artifact id: '74e9ecc919bc259e0cea0638eabe6040') in 0.048525 seconds
  Import took 0.051733 seconds .

========================================================================
Received Import Request.
  Time since last request: 2.053161 seconds.
  path: Assets/GameAsset/Models/New_arts_Dong/Girl_6.fbx
  artifactKey: Guid(07f93afa7d5d0044c98b025f6122f3b4) Importer(815301076,1909f56bfc062723c751e8b465ee728b)
Start importing Assets/GameAsset/Models/New_arts_Dong/Girl_6.fbx using Guid(07f93afa7d5d0044c98b025f6122f3b4) Importer(815301076,1909f56bfc062723c751e8b465ee728b)  -> (artifact id: '7701b1c33862f520faf268197a278ac6') in 0.048427 seconds
  Import took 0.051462 seconds .

========================================================================
Received Import Request.
  Time since last request: 0.578319 seconds.
  path: Assets/GameAsset/Models/New_arts_Dong/Girl_7.fbx
  artifactKey: Guid(390903cd75cfc484883f62bcbe92d10c) Importer(815301076,1909f56bfc062723c751e8b465ee728b)
Start importing Assets/GameAsset/Models/New_arts_Dong/Girl_7.fbx using Guid(390903cd75cfc484883f62bcbe92d10c) Importer(815301076,1909f56bfc062723c751e8b465ee728b)  -> (artifact id: '1ba985ad43baaa14360dc5f3b494688e') in 0.051546 seconds
  Import took 0.054618 seconds .

========================================================================
Received Import Request.
  Time since last request: 3.229409 seconds.
  path: Assets/GameAsset/Models/New_arts_Dong/city_map.fbx
  artifactKey: Guid(c8286eff229355443b875f374aacabf3) Importer(815301076,1909f56bfc062723c751e8b465ee728b)
Start importing Assets/GameAsset/Models/New_arts_Dong/city_map.fbx using Guid(c8286eff229355443b875f374aacabf3) Importer(815301076,1909f56bfc062723c751e8b465ee728b)  -> (artifact id: 'd203a03fef7cb0ac22edee5bfd6af910') in 1.155577 seconds
  Import took 1.159979 seconds .

========================================================================
Received Import Request.
  Time since last request: 0.926453 seconds.
  path: Assets/GameAsset/Models/New_arts_Dong/Girl_8.fbx
  artifactKey: Guid(6a8137b01615b94489fe1675dc5ce871) Importer(815301076,1909f56bfc062723c751e8b465ee728b)
Start importing Assets/GameAsset/Models/New_arts_Dong/Girl_8.fbx using Guid(6a8137b01615b94489fe1675dc5ce871) Importer(815301076,1909f56bfc062723c751e8b465ee728b)  -> (artifact id: '0a368a7eefee4f926c82ab1aa4dd3da2') in 0.055829 seconds
  Import took 0.058904 seconds .

========================================================================
Received Import Request.
  Time since last request: 0.214415 seconds.
  path: Assets/GameAsset/Models/New_arts_Dong/Girl_9.fbx
  artifactKey: Guid(dbe6de579239ff149bbdd10fcf444d21) Importer(815301076,1909f56bfc062723c751e8b465ee728b)
Start importing Assets/GameAsset/Models/New_arts_Dong/Girl_9.fbx using Guid(dbe6de579239ff149bbdd10fcf444d21) Importer(815301076,1909f56bfc062723c751e8b465ee728b)  -> (artifact id: 'd76f16815e56d893423d6d73d5bb5699') in 0.054004 seconds
  Import took 0.057039 seconds .

========================================================================
Received Import Request.
  Time since last request: 1.117315 seconds.
  path: Assets/GameAsset/Models/New_arts_Dong/Girl_10.fbx
  artifactKey: Guid(ee024294933e4514f8764a971d65f9b3) Importer(815301076,1909f56bfc062723c751e8b465ee728b)
Start importing Assets/GameAsset/Models/New_arts_Dong/Girl_10.fbx using Guid(ee024294933e4514f8764a971d65f9b3) Importer(815301076,1909f56bfc062723c751e8b465ee728b)  -> (artifact id: '1de86170ae0b8b2134ce6e00e59c8619') in 0.050090 seconds
  Import took 0.053084 seconds .

========================================================================
Received Import Request.
  Time since last request: 0.145039 seconds.
  path: Assets/GameAsset/Models/New_arts_Dong/Girl_11.fbx
  artifactKey: Guid(d12f421d7d095b641abb70808e723791) Importer(815301076,1909f56bfc062723c751e8b465ee728b)
Start importing Assets/GameAsset/Models/New_arts_Dong/Girl_11.fbx using Guid(d12f421d7d095b641abb70808e723791) Importer(815301076,1909f56bfc062723c751e8b465ee728b)  -> (artifact id: 'ad76c98850601f2a2f42d0b04e1d7920') in 0.043520 seconds
  Import took 0.046573 seconds .

========================================================================
Received Import Request.
  Time since last request: 0.200861 seconds.
  path: Assets/GameAsset/Models/New_arts_Dong/Girl_12.fbx
  artifactKey: Guid(e41f56ca9c8e61048bf9b9df201b4350) Importer(815301076,1909f56bfc062723c751e8b465ee728b)
Start importing Assets/GameAsset/Models/New_arts_Dong/Girl_12.fbx using Guid(e41f56ca9c8e61048bf9b9df201b4350) Importer(815301076,1909f56bfc062723c751e8b465ee728b)  -> (artifact id: '9ef361ee4688e40b14dc84f04dac477a') in 0.053286 seconds
  Import took 0.056396 seconds .

========================================================================
Received Import Request.
  Time since last request: 0.229667 seconds.
  path: Assets/GameAsset/Models/New_arts_Dong/Ring.fbx
  artifactKey: Guid(e054413a9b77c2d4bb829f1774e0b3a0) Importer(815301076,1909f56bfc062723c751e8b465ee728b)
Start importing Assets/GameAsset/Models/New_arts_Dong/Ring.fbx using Guid(e054413a9b77c2d4bb829f1774e0b3a0) Importer(815301076,1909f56bfc062723c751e8b465ee728b)  -> (artifact id: 'eeb7d2d6237dd4b6a70d53b0cee23d2b') in 0.075928 seconds
  Import took 0.078693 seconds .

========================================================================
Received Import Request.
  Time since last request: 0.000441 seconds.
  path: Assets/GameAsset/Models/New_arts_Dong/Ring.fbx
  artifactKey: Guid(e054413a9b77c2d4bb829f1774e0b3a0) Importer(815301076,1909f56bfc062723c751e8b465ee728b)
Start importing Assets/GameAsset/Models/New_arts_Dong/Ring.fbx using Guid(e054413a9b77c2d4bb829f1774e0b3a0) Importer(815301076,1909f56bfc062723c751e8b465ee728b)  -> (artifact id: 'eeb7d2d6237dd4b6a70d53b0cee23d2b') in 0.015279 seconds
  Import took 0.018098 seconds .

========================================================================
Received Import Request.
  Time since last request: 106.987544 seconds.
  path: Assets/GameAsset/Model/Woman/Woman/Woman_Dresses/Textures/women_evening_shoes.png
  artifactKey: Guid(489534a815106ad4a87ad5f748480d4a) Importer(815301076,1909f56bfc062723c751e8b465ee728b)
Start importing Assets/GameAsset/Model/Woman/Woman/Woman_Dresses/Textures/women_evening_shoes.png using Guid(489534a815106ad4a87ad5f748480d4a) Importer(815301076,1909f56bfc062723c751e8b465ee728b)  -> (artifact id: '3151ec396959dac11f23be9b2e07d613') in 0.027551 seconds
  Import took 0.030399 seconds .

========================================================================
Received Import Request.
  Time since last request: 0.000742 seconds.
  path: Assets/GameAsset/Model/Woman/Woman/Woman_Dresses/Textures/women_evening_shoes.png
  artifactKey: Guid(489534a815106ad4a87ad5f748480d4a) Importer(815301076,1909f56bfc062723c751e8b465ee728b)
Start importing Assets/GameAsset/Model/Woman/Woman/Woman_Dresses/Textures/women_evening_shoes.png using Guid(489534a815106ad4a87ad5f748480d4a) Importer(815301076,1909f56bfc062723c751e8b465ee728b)  -> (artifact id: '3151ec396959dac11f23be9b2e07d613') in 0.005049 seconds
  Import took 0.007973 seconds .

========================================================================
Received Import Request.
  Time since last request: 147.430732 seconds.
  path: Assets/GameAsset/Animations/NormalMovement.controller
  artifactKey: Guid(0aa12c568472a91428467752ee4342b0) Importer(815301076,1909f56bfc062723c751e8b465ee728b)
Start importing Assets/GameAsset/Animations/NormalMovement.controller using Guid(0aa12c568472a91428467752ee4342b0) Importer(815301076,1909f56bfc062723c751e8b465ee728b)  -> (artifact id: '68d04ff1c69ac831c0e6d49733d813db') in 0.011992 seconds
  Import took 0.015238 seconds .

========================================================================
Received Import Request.
  Time since last request: 324.726182 seconds.
  path: Assets/GameAsset
  artifactKey: Guid(923d116b66b2d594ca47c3b05c1877e0) Importer(815301076,1909f56bfc062723c751e8b465ee728b)
Start importing Assets/GameAsset using Guid(923d116b66b2d594ca47c3b05c1877e0) Importer(815301076,1909f56bfc062723c751e8b465ee728b)  -> (artifact id: '66f872724dd401c71d319be61dc26f6d') in 0.006640 seconds
  Import took 0.009846 seconds .

========================================================================
Received Import Request.
  Time since last request: 0.000721 seconds.
  path: Assets/GameAsset
  artifactKey: Guid(923d116b66b2d594ca47c3b05c1877e0) Importer(815301076,1909f56bfc062723c751e8b465ee728b)
Start importing Assets/GameAsset using Guid(923d116b66b2d594ca47c3b05c1877e0) Importer(815301076,1909f56bfc062723c751e8b465ee728b)  -> (artifact id: '66f872724dd401c71d319be61dc26f6d') in 0.001851 seconds
  Import took 0.004439 seconds .

========================================================================
Received Import Request.
  Time since last request: 5.239634 seconds.
  path: Assets/GameAsset/GameEvent
  artifactKey: Guid(4247ac810f3725c4193cf5bda319c457) Importer(815301076,1909f56bfc062723c751e8b465ee728b)
Start importing Assets/GameAsset/GameEvent using Guid(4247ac810f3725c4193cf5bda319c457) Importer(815301076,1909f56bfc062723c751e8b465ee728b)  -> (artifact id: '63063889ed86628fb18c07c4beddbba4') in 0.005074 seconds
  Import took 0.008032 seconds .

========================================================================
Received Import Request.
  Time since last request: 17.747088 seconds.
  path: Assets/GameAsset/GameEvent/StartStateNotify.asset
  artifactKey: Guid(2dbbcac338ca4d94e9788a7a5b2c8047) Importer(815301076,1909f56bfc062723c751e8b465ee728b)
Start importing Assets/GameAsset/GameEvent/StartStateNotify.asset using Guid(2dbbcac338ca4d94e9788a7a5b2c8047) Importer(815301076,1909f56bfc062723c751e8b465ee728b)  -> (artifact id: '1c1ea799cd824b5efb1a5d2497b68a2b') in 0.010944 seconds
  Import took 0.013666 seconds .

========================================================================
Received Import Request.
  Time since last request: 12.686013 seconds.
  path: Assets/GameAsset/GameEvent/PlayingStateNotify.asset
  artifactKey: Guid(df2e4641770b4c14cb0c1f7e5d24db66) Importer(815301076,1909f56bfc062723c751e8b465ee728b)
Start importing Assets/GameAsset/GameEvent/PlayingStateNotify.asset using Guid(df2e4641770b4c14cb0c1f7e5d24db66) Importer(815301076,1909f56bfc062723c751e8b465ee728b)  -> (artifact id: '0e73b140ce7385cb5f3340d56836384b') in 0.005497 seconds
  Import took 0.008730 seconds .

========================================================================
Received Prepare
Registering precompiled user dll's ...
Registered in 0.003361 seconds.
Begin MonoManager ReloadAssembly
Native extension for WindowsStandalone target not found
Refreshing native plugins compatible for Editor in 0.48 ms, found 2 plugins.
Preloading 0 native plugins for Editor in 0.00 ms.
Mono: successfully reloaded assembly
- Completed reload, in  1.089 seconds
Platform modules already initialized, skipping
Switching build target platform(19) subTarget(0) extendedPlatform(0) -> platform(13) subTarget(537395200) extendedPlatform(0)
Refreshing native plugins compatible for Editor in 0.51 ms, found 2 plugins.
Preloading 0 native plugins for Editor in 0.00 ms.
Unloading 1809 Unused Serialized files (Serialized files now loaded: 0)
System memory in use before: 105.5 MB.
System memory in use after: 105.6 MB.

Unloading 28 unused Assets to reduce memory usage. Loaded Objects now: 2366.
Total: 2.282100 ms (FindLiveObjects: 0.201000 ms CreateObjectMapping: 0.072600 ms MarkObjects: 1.982100 ms  DeleteObjects: 0.025400 ms)

AssetImportParameters requested are different than current active one (requested -> active):
  custom:graphics/normal-map-encoding: 01000000000000000000000000000000 -> 02000000000000000000000000000000
========================================================================
Received Prepare
Registering precompiled user dll's ...
Registered in 0.003014 seconds.
Begin MonoManager ReloadAssembly
Native extension for WindowsStandalone target not found
Refreshing native plugins compatible for Editor in 0.47 ms, found 2 plugins.
Preloading 0 native plugins for Editor in 0.00 ms.
Mono: successfully reloaded assembly
- Completed reload, in  1.078 seconds
Platform modules already initialized, skipping
Switching build target platform(19) subTarget(0) extendedPlatform(0) -> platform(13) subTarget(537395200) extendedPlatform(0)
Refreshing native plugins compatible for Editor in 0.46 ms, found 2 plugins.
Preloading 0 native plugins for Editor in 0.00 ms.
Unloading 1809 Unused Serialized files (Serialized files now loaded: 0)
System memory in use before: 105.5 MB.
System memory in use after: 105.6 MB.

Unloading 28 unused Assets to reduce memory usage. Loaded Objects now: 2369.
Total: 2.041900 ms (FindLiveObjects: 0.166600 ms CreateObjectMapping: 0.059800 ms MarkObjects: 1.792700 ms  DeleteObjects: 0.021500 ms)

AssetImportParameters requested are different than current active one (requested -> active):
  custom:graphics/normal-map-encoding: 01000000000000000000000000000000 -> 02000000000000000000000000000000
========================================================================
Received Prepare
Registering precompiled user dll's ...
Registered in 0.003201 seconds.
Begin MonoManager ReloadAssembly
Native extension for WindowsStandalone target not found
Refreshing native plugins compatible for Editor in 0.49 ms, found 2 plugins.
Preloading 0 native plugins for Editor in 0.00 ms.
Mono: successfully reloaded assembly
- Completed reload, in  1.190 seconds
Platform modules already initialized, skipping
Switching build target platform(19) subTarget(0) extendedPlatform(0) -> platform(13) subTarget(537395200) extendedPlatform(0)
Refreshing native plugins compatible for Editor in 0.46 ms, found 2 plugins.
Preloading 0 native plugins for Editor in 0.00 ms.
Unloading 1809 Unused Serialized files (Serialized files now loaded: 0)
System memory in use before: 105.5 MB.
System memory in use after: 105.6 MB.

Unloading 28 unused Assets to reduce memory usage. Loaded Objects now: 2372.
Total: 1.859100 ms (FindLiveObjects: 0.156700 ms CreateObjectMapping: 0.053000 ms MarkObjects: 1.631100 ms  DeleteObjects: 0.017400 ms)

AssetImportParameters requested are different than current active one (requested -> active):
  custom:graphics/normal-map-encoding: 01000000000000000000000000000000 -> 02000000000000000000000000000000
